<?xml version="1.0" encoding="UTF-8" ?>
<testsuite errors="0" failures="0" hostname="blrwks0043" name="comcast.test.testSuite.ProfileManagementTS" tests="1" time="99.398" timestamp="2013-07-09T13:43:14">
  <properties>
[...]
</properties>
  <testcase classname="comcast.test.app.testCases.userManagement.profileManagement.RegisteredUserTestCasesForChangeActivationCode.ChangeActivationCodeWithInValidAC.ValidateUserActivationCodeByEnteringInvalidCode" name="testActivationCodeByEnteringInvalidCode" time="99.188" />
  <system-out><![CDATA[ : Xidio090713071338@test.com : 9983998474
Email ID : Xidio090713071338@test.com
]]></system-out>
  <system-err><![CDATA[]]></system-err>
</testsuite>
