<?xml version="1.0" encoding="UTF-8" ?>
<testsuite errors="6" failures="18" hostname="blrwks0043" name="comcast.test.testSuite.runATFRegression" tests="83" time="5612.25" timestamp="2013-07-09T15:02:51">
  <properties>
[...]
</properties>
  <testcase classname="comcast.test.app.testCases.userManagement.userRegistration.UserRegistrationTestCasesForActivationCode.UserRegByClickingOnActivationCode.RegisterToXidioApplicationByClickingActivation" name="testRegistrationToXidioApplicationByClickingActivation" time="75.82" />
  <testcase classname="comcast.test.app.testCases.userManagement.userRegistration.RegisterToXidioApplicationUsingValidCredentials" name="testRegisterToXidioApplicationUsingValidCredentials" time="74.716" />
  <testcase classname="comcast.test.app.testCases.userManagement.userRegistration.UserRegistrationTestCasesForActivationCode.UserRegBySkipingActivationCode.RegisterToXidioApplicationBySkipingPaymentStepAndActivationStep" name="testRegistrationToXidioApplicationBySkipingPaymentStepAndActivationStep" time="77.295" />
  <testcase classname="comcast.test.app.testCases.userManagement.userRegistration.UserRegistrationTestCasesForTermsAndCondition.UserRegByDeclineTermAndCondition.RegisterToXidioApplicationWithValidCredentialByDeclineTermAndCondition" name="testRegistrationToXidioApplicationWithValidCredentialByDeclingTermAndCondition" time="101.643" />
  <testcase classname="comcast.test.app.testCases.userManagement.userRegistration.UserRegistrationTestCasesForPaymentDetails.RegisterToXidioApplicationDirectlyWithPaymentDetailsWithoutPersonalInfo" name="testRegisterToXidioApplicationDirectlyWithPaymentDetailsWithoutPersonalInfo" time="26.266" />
  <testcase classname="comcast.test.app.testCases.userManagement.userRegistration.UserRegistrationTestCasesForFirstName.UserRegWithNoFirstName.RegisterToXidioApplicationWithoutEnteringFirstName" name="testRegisterToXidioApplicationWithoutEnteringFirstName" time="37.699" />
  <testcase classname="comcast.test.app.testCases.userManagement.userRegistration.UserRegistrationTestCasesForLastName.UserRegWithNoLastName.RegisterToXidioApplicationWithoutEnteringLastName" name="testRegisterToXidioApplicationWithoutEnteringLastName" time="22.299" />
  <testcase classname="comcast.test.app.testCases.userManagement.userRegistration.UserRegistrationTestCasesForAddress.UserRegWithNoAddress.RegisterToXidioApplicationWithoutEnteringAddress" name="testRegisterToXidioApplicationWithoutEnteringAddress" time="20.145" />
  <testcase classname="comcast.test.app.testCases.userManagement.userRegistration.UserRegistrationTestCasesForCity.UserRegWithNoCity.RegisterToXidioApplicationWithoutEnteringCity" name="testRegisterToXidioApplicationWithoutEnteringCity" time="25.63" />
  <testcase classname="comcast.test.app.testCases.userManagement.userRegistration.UserRegistrationTestCasesForZipCode.UserRegWithNoZipCode.RegisterToXidioApplicationWithoutEnteringZip" name="testRegisterToXidioApplicationWithoutEnteringZip" time="21.002" />
  <testcase classname="comcast.test.app.testCases.userManagement.userRegistration.UserRegistrationTestCasesForEmail.UserRegWithNoEmailID.RegisterToXidioApplicationWithoutEnteringEmail" name="testRegisterToXidioApplicationWithoutEnteringEmail" time="38.866" />
  <testcase classname="comcast.test.app.testCases.userManagement.userRegistration.UserRegistrationTestCasesForEmail.UserRegWithInvalidEmailID.UserRegWithInvalidEmailIDMissingInputs.RegisterToXidioApplicationByEnteringInValidEmail" name="testRegisterToXidioApplicationByEnteringInValidEmail" time="25.176" />
  <testcase classname="comcast.test.app.testCases.userManagement.userRegistration.UserRegistrationTestCasesForZipCode.UserRegWithInvalidZipCode.RegisterToXidioApplicationByEnteringInValidZip" name="testRegisterToXidioApplicationByEnteringInValidZip" time="25.982" />
  <testcase classname="comcast.test.app.testCases.userManagement.userRegistration.UserRegistrationTestCasesForZipCode.UserRegWithInvalidZipCodeLength.RegisterToXidioApplicationByEnteringInValidZipLength" name="testRegisterToXidioApplicationByEnteringInValidZipLength" time="27.421" />
  <testcase classname="comcast.test.app.testCases.userManagement.userRegistration.UserRegistrationTestCasesForMobileNumber.UserRegWithNoMobileNumber.RegisterToXidioApplicationWithoutEnteringMobileNumber" name="testRegisterToXidioApplicationWithoutEnteringMobileNumber" time="21.934" />
  <testcase classname="comcast.test.app.testCases.userManagement.userRegistration.UserRegistrationTestCasesForMobileNumber.UserRegWithInvalidMobileNumber.RegisterToXidioApplicationByEnteringInValidMobileNumber" name="testRegisterToXidioApplicationByEnteringInValidMobileNumber" time="26.873" />
  <testcase classname="comcast.test.app.testCases.userManagement.userRegistration.UserRegistrationTestCasesForPassword.UserRegWithNoPassword.RegisterToXidioApplicationWithoutEnteringPassword" name="testRegisterToXidioApplicationWithoutEnteringPassword" time="26.359" />
  <testcase classname="comcast.test.app.testCases.userManagement.userRegistration.UserRegistrationTestCasesForPassword.UserRegWithNoFirstCapitalLetter.RegisterToXidioApplicationByEnteringNonCapitalLetterPassword" name="testRegisterToXidioApplicationByEnteringNonCapitalLetterPassword" time="23.749" />
  <testcase classname="comcast.test.app.testCases.userManagement.userRegistration.UserRegistrationTestCasesForPassword.UserRegWithNonDigitPassword.RegisterToXidioApplicationByEnteringNonDigitPassword" name="testRegisterToXidioApplicationByEnteringInValidPassword" time="28.558" />
  <testcase classname="comcast.test.app.testCases.userManagement.userRegistration.UserRegistrationTestCasesForPassword.UserRegWithInvalidPasswordLength.RegisterToXidioApplicationByEnteringInValidLengthOfPassword" name="testRegisterToXidioApplicationByEnteringInValidLengthOfPassword" time="22.124" />
  <testcase classname="comcast.test.app.testCases.userManagement.userRegistration.UserRegistrationTestCasesForCreditCardDetails.UserRegWithNoCCNumber.RegisterToXidioApplicationWithNoCreditCardNumber" name="testRegisterToXidioApplicationWithNoCreditCardNumber" time="70.326" />
  <testcase classname="comcast.test.app.testCases.userManagement.userRegistration.UserRegistrationTestCasesForCreditCardDetails.UserRegWithInvalidCCNumber.RegisterToXidioApplicationWithInvalidCreditCardNumber" name="testRegisterToXidioApplicationWithInvalidCreditCardNumber" time="46.921" />
  <testcase classname="comcast.test.app.testCases.userManagement.userRegistration.UserRegistrationTestCasesForCreditCardDetails.UserRegWithNoSecurityCode.RegisterToXidioApplicationWithNoSecurityCode" name="testRegisterToXidioApplicationWithNoSecurityCode" time="56.307">
    <failure type="junit.framework.AssertionFailedError">junit.framework.AssertionFailedError
	at comcast.test.app.testCases.userManagement.userRegistration.UserRegistrationTestCasesForCreditCardDetails.UserRegWithNoSecurityCode.RegisterToXidioApplicationWithNoSecurityCode.testRegisterToXidioApplicationWithNoSecurityCode(RegisterToXidioApplicationWithNoSecurityCode.java:47)
</failure>
  </testcase>
  <testcase classname="comcast.test.app.testCases.userManagement.userRegistration.UserRegistrationTestCasesForCreditCardDetails.UserRegWithNoPINCode.RegisterToXidioApplicationWithNoPinCode" name="testRegisterToXidioApplicationWithNoPincode" time="46.967" />
  <testcase classname="comcast.test.app.testCases.userManagement.userRegistration.UserRegistrationTestCasesForCreditCardDetails.UserRegWithInvalidPin.UserRegWithInvalidPinCodeCharLength.RegisterToXidioApplicationWithInvalidPinCodeCharLength" name="testRegisterToXidioApplicationWithInvalidPinCodeCharLength" time="56.399">
    <failure type="junit.framework.AssertionFailedError">junit.framework.AssertionFailedError
	at comcast.test.app.testCases.userManagement.userRegistration.UserRegistrationTestCasesForCreditCardDetails.UserRegWithInvalidPin.UserRegWithInvalidPinCodeCharLength.RegisterToXidioApplicationWithInvalidPinCodeCharLength.testRegisterToXidioApplicationWithInvalidPinCodeCharLength(RegisterToXidioApplicationWithInvalidPinCodeCharLength.java:49)
</failure>
  </testcase>
  <testcase classname="comcast.test.app.testCases.userManagement.userRegistration.UserRegistrationTestCasesForCreditCardDetails.UserRegToCheckDiplayPinCheckboxWorks.RegisterToXidioApplicationWithCheckingDiplayPinCheckbox" name="testRegisterToXidioApplicationWithCheckingDiplayPinCheckbox" time="54.387" />
  <testcase classname="comcast.test.app.testCases.userManagement.userRegistration.UserRegistrationTestCasesForCreditCardDetails.UserRegToCheckDiplayPasswordCheckboxWorks.RegisterToXidioApplicationWithCheckingDiplayPasswordCheckbox" name="testRegisterToXidioApplicationWithCheckingDisplayPasswordCheckbox" time="64.854" />
  <testcase classname="comcast.test.app.testCases.userManagement.userRegistration.UserRegistrationTestCasesForActivationCode.UserRegWithoutActivationCode.RegisterUserWithoutActivationCode" name="testRegisterUserWithoutActivationCode" time="66.809" />
  <testcase classname="comcast.test.app.testCases.userManagement.userLogin.ValidateSignOutWorks.CheckSignOutFeatureWorksFine" name="testSignOutFeatureInCamcast" time="20.819" />
  <testcase classname="comcast.test.app.testCases.userManagement.userLogin.ValidateUserLoginUsingValidCredentials.LoginToXidioApplicationWithValidCredentials" name="testLoginToCamcast" time="22.005" />
  <testcase classname="comcast.test.app.testCases.userManagement.userLogin.ValidateUserLoginUsingInValidCredentials.LoginToXidioApplicationUsingInValidPassword" name="testLoginToXidioApplicationUsingInValidPassword" time="28.386">
    <failure type="junit.framework.AssertionFailedError">junit.framework.AssertionFailedError
	at comcast.test.app.testCases.userManagement.userLogin.ValidateUserLoginUsingInValidCredentials.LoginToXidioApplicationUsingInValidPassword.testLoginToXidioApplicationUsingInValidPassword(LoginToXidioApplicationUsingInValidPassword.java:34)
</failure>
  </testcase>
  <testcase classname="comcast.test.app.testCases.userManagement.userLogin.ValidateUserLoginUsingInValidCredentials.LoginToXidioApplicationUsingInValidUserName" name="testLoginToXidioApplicationUsingInValidUName" time="12.164" />
  <testcase classname="comcast.test.app.testCases.userManagement.profileManagement.RegisteredUserTestCasesForChangePassword.ResetUserPassword.ResetTheXidioPassword" name="testResetTheXidioPassword" time="15.246" />
  <testcase classname="comcast.test.app.testCases.userManagement.profileManagement.RegisteredUserTestCasesForChangePassword.ResetUserPasswordWithNoEmail.ResetXidioPasswordWithoutProvidingEmailID" name="testResetXidioPasswordWithoutProvidingEmailID" time="14.368" />
  <testcase classname="comcast.test.app.testCases.userManagement.profileManagement.RegisteredUserTestCasesForChangePassword.ResetUserPasswordWithInvalidEmail.ResetTheXidioPasswordWithWrongEmail" name="testResetTheXidioPasswordWithWrongEmail" time="15.105" />
  <testcase classname="comcast.test.app.testCases.userManagement.profileManagement.RegisteredUserTestCasesForEditProfileDetails.ValidateAddressField.EditXidioAddressInProfileManagement" name="testEditXidioAddressInProfileManagement" time="78.965" />
  <testcase classname="comcast.test.app.testCases.userManagement.profileManagement.RegisteredUserTestCasesForEditProfileDetails.ValidateLastNameField.EditXidioLastNameInProfileManagement" name="testEditXidioLastNameInProfileManagement" time="91.018">
    <error message="expected:&lt;[X]idio&gt; but was:&lt;[x]idio&gt;" type="org.junit.ComparisonFailure">	at comcast.test.app.testCases.userManagement.profileManagement.RegisteredUserTestCasesForEditProfileDetails.ValidateLastNameField.EditXidioLastNameInProfileManagement.testEditXidioLastNameInProfileManagement(EditXidioLastNameInProfileManagement.java:54)
</error>
  </testcase>
  <testcase classname="comcast.test.app.testCases.userManagement.profileManagement.RegisteredUserTestCasesForEditProfileDetails.ValidateAddressField.EditXidioAddressInProfileManagement" name="testEditXidioAddressInProfileManagement" time="78.098" />
  <testcase classname="comcast.test.app.testCases.userManagement.profileManagement.RegisteredUserTestCasesForEditProfileDetails.ValidateCityField.EditXidioCityInProfileManagement" name="testEditXidioCityInProfileManagement" time="78.867" />
  <testcase classname="comcast.test.app.testCases.userManagement.profileManagement.RegisteredUserTestCasesForEditProfileDetails.ValidateStateField.EditXidioStateInProfileManagement" name="testEditXidioStateInProfileManagement" time="78.46" />
  <testcase classname="comcast.test.app.testCases.userManagement.profileManagement.RegisteredUserTestCasesForEditProfileDetails.ValidateZipField.EditXidioZipInProfileManagement" name="testEditXidioZipInProfileManagement" time="82.332" />
  <testcase classname="comcast.test.app.testCases.userManagement.profileManagement.RegisteredUserTestCasesForEditProfileDetails.ValidateEmailField.EditXidioUserEmail" name="testEditXidioUserEmail" time="104.916" />
  <testcase classname="comcast.test.app.testCases.userManagement.profileManagement.RegisteredUserTestCasesForEditProfileDetails.ValidateMobileNumberField.ExitXidioUserMobileNumber" name="testEditXidioUserMobileNumber" time="85.402">
    <error message="expected:&lt;998[3998474]&gt; but was:&lt;998[6064497]&gt;" type="org.junit.ComparisonFailure">	at comcast.test.app.testCases.userManagement.profileManagement.RegisteredUserTestCasesForEditProfileDetails.ValidateMobileNumberField.ExitXidioUserMobileNumber.testEditXidioUserMobileNumber(ExitXidioUserMobileNumber.java:52)
</error>
  </testcase>
  <testcase classname="comcast.test.app.testCases.userManagement.profileManagement.RegisteredUserTestCasesForEditProfileDetails.ValidateFirstNameField.ValidateFirstNameFieldByDeletingValue" name="testValidateFirstNameFieldByDeletingValueInPM" time="82.881">
    <failure type="junit.framework.AssertionFailedError">junit.framework.AssertionFailedError
	at comcast.test.app.testCases.userManagement.profileManagement.RegisteredUserTestCasesForEditProfileDetails.ValidateFirstNameField.ValidateFirstNameFieldByDeletingValue.testValidateFirstNameFieldByDeletingValueInPM(ValidateFirstNameFieldByDeletingValue.java:51)
</failure>
  </testcase>
  <testcase classname="comcast.test.app.testCases.userManagement.profileManagement.RegisteredUserTestCasesForEditProfileDetails.ValidateLastNameField.ValidateLastNameFieldByDeletingValue" name="testValidateLastNameFieldByDeletingValueInPM" time="82.31">
    <failure type="junit.framework.AssertionFailedError">junit.framework.AssertionFailedError
	at comcast.test.app.testCases.userManagement.profileManagement.RegisteredUserTestCasesForEditProfileDetails.ValidateLastNameField.ValidateLastNameFieldByDeletingValue.testValidateLastNameFieldByDeletingValueInPM(ValidateLastNameFieldByDeletingValue.java:48)
</failure>
  </testcase>
  <testcase classname="comcast.test.app.testCases.userManagement.profileManagement.RegisteredUserTestCasesForEditProfileDetails.ValidateAddressField.ValidateAddressFieldByDeletingValue" name="testValidateAddressFieldByDeletingValueInPM" time="86.695">
    <failure type="junit.framework.AssertionFailedError">junit.framework.AssertionFailedError
	at comcast.test.app.testCases.userManagement.profileManagement.RegisteredUserTestCasesForEditProfileDetails.ValidateAddressField.ValidateAddressFieldByDeletingValue.testValidateAddressFieldByDeletingValueInPM(ValidateAddressFieldByDeletingValue.java:45)
</failure>
  </testcase>
  <testcase classname="comcast.test.app.testCases.userManagement.profileManagement.RegisteredUserTestCasesForEditProfileDetails.ValidateCityField.ValidateCityFieldByDeletingValue" name="testValidateCityFieldByDeletingValueInPM" time="79.387">
    <failure type="junit.framework.AssertionFailedError">junit.framework.AssertionFailedError
	at comcast.test.app.testCases.userManagement.profileManagement.RegisteredUserTestCasesForEditProfileDetails.ValidateCityField.ValidateCityFieldByDeletingValue.testValidateCityFieldByDeletingValueInPM(ValidateCityFieldByDeletingValue.java:45)
</failure>
  </testcase>
  <testcase classname="comcast.test.app.testCases.userManagement.profileManagement.RegisteredUserTestCasesForEditProfileDetails.ValidateZipField.ValidateZipFieldByDeletingValue" name="testValidateZipFieldByDeletingValue" time="76.57">
    <failure type="junit.framework.AssertionFailedError">junit.framework.AssertionFailedError
	at comcast.test.app.testCases.userManagement.profileManagement.RegisteredUserTestCasesForEditProfileDetails.ValidateZipField.ValidateZipFieldByDeletingValue.testValidateZipFieldByDeletingValue(ValidateZipFieldByDeletingValue.java:44)
</failure>
  </testcase>
  <testcase classname="comcast.test.app.testCases.userManagement.profileManagement.RegisteredUserTestCasesForEditProfileDetails.ValidateZipField.ValidateZipFieldByEnteringCharactersValue" name="testValidateZipFieldByCharValue" time="80.062" />
  <testcase classname="comcast.test.app.testCases.userManagement.profileManagement.RegisteredUserTestCasesForEditProfileDetails.ValidateZipField.ValidateZipFieldByEnteringInvalidZipLength" name="testValidateZipFieldByEnteringInvalidLength" time="78.742" />
  <testcase classname="comcast.test.app.testCases.userManagement.profileManagement.RegisteredUserTestCasesForEditProfileDetails.ValidateEmailField.ValidateEmailFieldByDeletingValue" name="testValidateEmailFieldByDeletingValueInPM" time="84.997">
    <failure type="junit.framework.AssertionFailedError">junit.framework.AssertionFailedError
	at comcast.test.app.testCases.userManagement.profileManagement.RegisteredUserTestCasesForEditProfileDetails.ValidateEmailField.ValidateEmailFieldByDeletingValue.testValidateEmailFieldByDeletingValueInPM(ValidateEmailFieldByDeletingValue.java:45)
</failure>
  </testcase>
  <testcase classname="comcast.test.app.testCases.userManagement.profileManagement.RegisteredUserTestCasesForEditProfileDetails.ValidateEmailField.ValidateEmailFieldByEnteringInvalidEmailID" name="testValidateUserNameFieldWithInValidEmail" time="78.429" />
  <testcase classname="comcast.test.app.testCases.userManagement.profileManagement.RegisteredUserTestCasesForEditProfileDetails.ValidateMobileNumberField.ValidateMobileNumberFieldByDeletingValue" name="testValidateMobileNumberByDeletingValueInPM" time="83.253">
    <failure type="junit.framework.AssertionFailedError">junit.framework.AssertionFailedError
	at comcast.test.app.testCases.userManagement.profileManagement.RegisteredUserTestCasesForEditProfileDetails.ValidateMobileNumberField.ValidateMobileNumberFieldByDeletingValue.testValidateMobileNumberByDeletingValueInPM(ValidateMobileNumberFieldByDeletingValue.java:45)
</failure>
  </testcase>
  <testcase classname="comcast.test.app.testCases.userManagement.profileManagement.RegisteredUserTestCasesForEditProfileDetails.ValidateMobileNumberField.ValidateMobileNumberFieldByEnteringInvalidNo" name="testValidateMobileNumberWithInvalidNo" time="80.458" />
  <testcase classname="comcast.test.app.testCases.userManagement.profileManagement.RegisteredUserTestCasesForEditProfileDetails.ValidateMobileNumberField.ValidateMobileNumberFieldByEnteringExistingNo" name="testValidateMobileNumberByEnteringExistingNo" time="77.204">
    <failure type="junit.framework.AssertionFailedError">junit.framework.AssertionFailedError
	at comcast.test.app.testCases.userManagement.profileManagement.RegisteredUserTestCasesForEditProfileDetails.ValidateMobileNumberField.ValidateMobileNumberFieldByEnteringExistingNo.testValidateMobileNumberByEnteringExistingNo(ValidateMobileNumberFieldByEnteringExistingNo.java:46)
</failure>
  </testcase>
  <testcase classname="comcast.test.app.testCases.userManagement.profileManagement.RegisteredUserTestCasesForChangePassword.ValidateCurrentUserPassWhileChangingPass.ValidateCurrentPasswordWhenChangingPassword" name="testValidateCurrentPasswordWhenChangingPassword" time="90.613" />
  <testcase classname="comcast.test.app.testCases.userManagement.profileManagement.RegisteredUserTestCasesForChangePassword.ValidateNewAndConfirmPassword.ValidateNewPasswordAndConfirmPasswordMatch" name="testVerifyPasswordChangeWorks" time="81.912" />
  <testcase classname="comcast.test.app.testCases.userManagement.profileManagement.RegisteredUserTestCasesForChangePassword.VerifyPasswordChangesSuccessfully.VerifyPasswordChangeWorks" name="testVerifyPasswordChangeWorks" time="84.887" />
  <testcase classname="comcast.test.app.testCases.userManagement.profileManagement.RegisteredUserTestCasesForChangePaymentInfo.ValidateChangePaymentInfoMandatoryFields" name="testUserProfileChanges" time="87.14" />
  <testcase classname="comcast.test.app.testCases.userManagement.profileManagement.RegisteredUserTestCasesForChangePaymentInfo.ValidateChangePaymentInfoDetailsUpdatedSuccessfully" name="testUserProfileChanges" time="94.26" />
  <testcase classname="comcast.test.app.testCases.userManagement.profileManagement.RegisteredUserTestCasesForChangePaymentInfo.ValidateCreditCardField.ValidatePaymentInfoCreditCardNumberWithInvalidInput" name="testCCNumberWithInvalidInput" time="95.078" />
  <testcase classname="comcast.test.app.testCases.userManagement.profileManagement.RegisteredUserTestCasesForChangePaymentInfo.ValidateExpiryMonthField.ValidatePaymentInfoMonthByEnteringInvalidMonth" name="testPaymentInfoInvalidMonth" time="101.3">
    <failure type="junit.framework.AssertionFailedError">junit.framework.AssertionFailedError
	at comcast.test.app.testCases.userManagement.profileManagement.RegisteredUserTestCasesForChangePaymentInfo.ValidateExpiryMonthField.ValidatePaymentInfoMonthByEnteringInvalidMonth.testPaymentInfoInvalidMonth(ValidatePaymentInfoMonthByEnteringInvalidMonth.java:57)
</failure>
  </testcase>
  <testcase classname="comcast.test.app.testCases.userManagement.profileManagement.RegisteredUserTestCasesForChangePaymentInfo.ValidateExpiryMonthField.ValidatePaymentInfoMonthMandatoryField" name="testUserProfileChanges" time="151.577">
    <failure type="junit.framework.AssertionFailedError">junit.framework.AssertionFailedError
	at comcast.test.app.testCases.userManagement.profileManagement.RegisteredUserTestCasesForChangePaymentInfo.ValidateExpiryMonthField.ValidatePaymentInfoMonthMandatoryField.testUserProfileChanges(ValidatePaymentInfoMonthMandatoryField.java:55)
</failure>
  </testcase>
  <testcase classname="comcast.test.app.testCases.userManagement.profileManagement.RegisteredUserTestCasesForChangePaymentInfo.ValidateYearField.ValidatePaymentInfoYearFieldByEnteringPastYear" name="testYearFieldByEnteringPastYear" time="110.98">
    <failure type="junit.framework.AssertionFailedError">junit.framework.AssertionFailedError
	at comcast.test.app.testCases.userManagement.profileManagement.RegisteredUserTestCasesForChangePaymentInfo.ValidateYearField.ValidatePaymentInfoYearFieldByEnteringPastYear.testYearFieldByEnteringPastYear(ValidatePaymentInfoYearFieldByEnteringPastYear.java:58)
</failure>
  </testcase>
  <testcase classname="comcast.test.app.testCases.userManagement.profileManagement.RegisteredUserTestCasesForChangePaymentInfo.ValidateYearField.ValidatePaymentInfoYearMandatoryField" name="testPaymentInfoYearMandatoryField" time="97.265">
    <failure type="junit.framework.AssertionFailedError">junit.framework.AssertionFailedError
	at comcast.test.app.testCases.userManagement.profileManagement.RegisteredUserTestCasesForChangePaymentInfo.ValidateYearField.ValidatePaymentInfoYearMandatoryField.testPaymentInfoYearMandatoryField(ValidatePaymentInfoYearMandatoryField.java:54)
</failure>
  </testcase>
  <testcase classname="comcast.test.app.testCases.userManagement.profileManagement.RegisteredUserTestCasesForChangePaymentInfo.ValidateSecurityField.ValidatePaymentInfoSecurityCodeWithInvalidInputLength" name="testUserProfileChanges" time="89.429" />
  <testcase classname="comcast.test.app.testCases.userManagement.profileManagement.RegisteredUserTestCasesForChangePaymentInfo.ValidateSecurityField.ValidatePaymentInfoSecurityCodeByEnteringCharacters" name="testSecurityCodeByEnteringCharacters" time="84.719" />
  <testcase classname="comcast.test.app.testCases.userManagement.profileManagement.RegisteredUserTestCasesForChangePinCode.VerifyChangePinCodeDetailsUpdatedSuccessfully" name="testVerifyChangePinCodeDetailsUpdatedSuccessfully" time="90.906" />
  <testcase classname="comcast.test.app.testCases.userManagement.profileManagement.RegisteredUserTestCasesForChangePinCode.ValidateChangePinCodeAllMandatoryFields" name="testChangePinCodeAllMandatoryFields" time="89.285" />
  <testcase classname="comcast.test.app.testCases.userManagement.profileManagement.RegisteredUserTestCasesForChangePinCode.ValidatePinCodeField.ValidateChangePinCodeByEnteringInvalidPinLength" name="testChangePinCodeByEnteringInvalidPinLength" time="91.778" />
  <testcase classname="comcast.test.app.testCases.userManagement.profileManagement.RegisteredUserTestCasesForChangePinCode.ValidatePasswordField.ValidateChangePasswordByEnteringInvalidPass" name="testChangePasswordByEnteringInvalidPass" time="94.962" />
  <testcase classname="comcast.test.app.testCases.userManagement.profileManagement.RegisteredUserTestCasesForChangePinCode.ValidatePinCodeField.VerifyEnteredPinIsVisibleWhenUserClicksOnDisplayPin" name="testEnteredPinIsVisibleWhenUserClicksOnDisplayPin" time="91.969" />
  <testcase classname="comcast.test.app.testCases.userManagement.profileManagement.RegisteredUserTestCasesForChangePinCode.ValidatePasswordField.VerifyEnteredPasswordIsVisibleWhenUserClicksOnDisplayPass" name="testEnteredPasswordIsVisibleWhenUserClicksOnDisplayPass" time="90.972" />
  <testcase classname="comcast.test.app.testCases.userManagement.profileManagement.RegisteredUserTestCasesForChangeActivationCode.ChangeActivationCodeWithValidAC.ValidateUserActivationCodeUpdatesSuccessfully" name="testUserActivationCodeUpdatesSuccessfully" time="85.522" />
  <testcase classname="comcast.test.app.testCases.userManagement.profileManagement.RegisteredUserTestCasesForChangeActivationCode.ChangeActivationCodeWithInValidAC.ValidateUserActivationCodeByEnteringInvalidCode" name="testActivationCodeByEnteringInvalidCode" time="89.255" />
  <testcase classname="comcast.test.app.common.helpHeaderFooterLinks.userRegTestCasesForHelpLink.VerifyHelpLink" name="testUserProfileChanges" time="93.081">
    <error message="Unable to locate element: {&quot;method&quot;:&quot;name&quot;,&quot;selector&quot;:&quot;old_password&quot;}
Command duration or timeout: 30.09 seconds
For documentation on this error, please visit: http://seleniumhq.org/exceptions/no_such_element.html
Build info: version: &apos;2.32.0&apos;, revision: &apos;6c40c18&apos;, time: &apos;2013-04-09 17:22:56&apos;
System info: os.name: &apos;Windows 7&apos;, os.arch: &apos;amd64&apos;, os.version: &apos;6.1&apos;, java.version: &apos;1.7.0_05&apos;
Session ID: 7456c55b-146f-4f81-8579-a70f8987e257
Driver info: org.openqa.selenium.firefox.FirefoxDriver
Capabilities [{platform=XP, acceptSslCerts=true, javascriptEnabled=true, browserName=firefox, rotatable=false, locationContextEnabled=true, version=22.0, cssSelectorsEnabled=true, databaseEnabled=true, handlesAlerts=true, browserConnectionEnabled=true, nativeEvents=true, webStorageEnabled=true, applicationCacheEnabled=true, takesScreenshot=true}]" type="org.openqa.selenium.NoSuchElementException">org.openqa.selenium.NoSuchElementException: Unable to locate element: {&quot;method&quot;:&quot;name&quot;,&quot;selector&quot;:&quot;old_password&quot;}
Command duration or timeout: 30.09 seconds
For documentation on this error, please visit: http://seleniumhq.org/exceptions/no_such_element.html
Build info: version: &apos;2.32.0&apos;, revision: &apos;6c40c18&apos;, time: &apos;2013-04-09 17:22:56&apos;
System info: os.name: &apos;Windows 7&apos;, os.arch: &apos;amd64&apos;, os.version: &apos;6.1&apos;, java.version: &apos;1.7.0_05&apos;
Session ID: 7456c55b-146f-4f81-8579-a70f8987e257
Driver info: org.openqa.selenium.firefox.FirefoxDriver
Capabilities [{platform=XP, acceptSslCerts=true, javascriptEnabled=true, browserName=firefox, rotatable=false, locationContextEnabled=true, version=22.0, cssSelectorsEnabled=true, databaseEnabled=true, handlesAlerts=true, browserConnectionEnabled=true, nativeEvents=true, webStorageEnabled=true, applicationCacheEnabled=true, takesScreenshot=true}]
	at java.lang.reflect.Constructor.newInstance(Constructor.java:525)
	at org.openqa.selenium.remote.ErrorHandler.createThrowable(ErrorHandler.java:187)
	at org.openqa.selenium.remote.ErrorHandler.throwIfResponseFailed(ErrorHandler.java:145)
	at org.openqa.selenium.remote.RemoteWebDriver.execute(RemoteWebDriver.java:554)
	at org.openqa.selenium.remote.RemoteWebDriver.findElement(RemoteWebDriver.java:307)
	at org.openqa.selenium.remote.RemoteWebDriver.findElementByName(RemoteWebDriver.java:380)
	at org.openqa.selenium.By$ByName.findElement(By.java:292)
	at org.openqa.selenium.remote.RemoteWebDriver.findElement(RemoteWebDriver.java:299)
	at comcast.test.app.common.userManagement.userLogin.common.UserLoginFunctions.ChangePassword(UserLoginFunctions.java:48)
	at comcast.test.app.common.helpHeaderFooterLinks.userRegTestCasesForHelpLink.VerifyHelpLink.testUserProfileChanges(VerifyHelpLink.java:38)
Caused by: org.openqa.selenium.remote.ErrorHandler$UnknownServerException: Unable to locate element: {&quot;method&quot;:&quot;name&quot;,&quot;selector&quot;:&quot;old_password&quot;}
Build info: version: &apos;2.32.0&apos;, revision: &apos;6c40c18&apos;, time: &apos;2013-04-09 17:22:56&apos;
System info: os.name: &apos;Windows 7&apos;, os.arch: &apos;amd64&apos;, os.version: &apos;6.1&apos;, java.version: &apos;1.7.0_05&apos;
Driver info: driver.version: unknown
	at &lt;anonymous class&gt;.FirefoxDriver.prototype.findElementInternal_(file:///C:/Users/ANJUM~1.JAM/AppData/Local/Temp/anonymous831177344311145871webdriver-profile/extensions/fxdriver@googlecode.com/components/driver_component.js:8405)
	at &lt;anonymous class&gt;.fxdriver.Timer.prototype.setTimeout/&lt;.notify(file:///C:/Users/ANJUM~1.JAM/AppData/Local/Temp/anonymous831177344311145871webdriver-profile/extensions/fxdriver@googlecode.com/components/driver_component.js:386)
</error>
  </testcase>
  <testcase classname="comcast.test.app.testCases.videoManagement.videoFeedBackManagement.VerifyFeedbackSubmitedSuccessfully" name="testVerifyFeedbackSubmitedSuccessfully" time="113.687">
    <error message="Unable to locate element: {&quot;method&quot;:&quot;css selector&quot;,&quot;selector&quot;:&quot;img[alt=\&quot;Ocean Life\&quot;]&quot;}
Command duration or timeout: 30.16 seconds
For documentation on this error, please visit: http://seleniumhq.org/exceptions/no_such_element.html
Build info: version: &apos;2.32.0&apos;, revision: &apos;6c40c18&apos;, time: &apos;2013-04-09 17:22:56&apos;
System info: os.name: &apos;Windows 7&apos;, os.arch: &apos;amd64&apos;, os.version: &apos;6.1&apos;, java.version: &apos;1.7.0_05&apos;
Session ID: e821dbc5-9028-4789-909b-906119b4db94
Driver info: org.openqa.selenium.firefox.FirefoxDriver
Capabilities [{platform=XP, acceptSslCerts=true, javascriptEnabled=true, browserName=firefox, rotatable=false, locationContextEnabled=true, version=22.0, cssSelectorsEnabled=true, databaseEnabled=true, handlesAlerts=true, browserConnectionEnabled=true, nativeEvents=true, webStorageEnabled=true, applicationCacheEnabled=true, takesScreenshot=true}]" type="org.openqa.selenium.NoSuchElementException">org.openqa.selenium.NoSuchElementException: Unable to locate element: {&quot;method&quot;:&quot;css selector&quot;,&quot;selector&quot;:&quot;img[alt=\&quot;Ocean Life\&quot;]&quot;}
Command duration or timeout: 30.16 seconds
For documentation on this error, please visit: http://seleniumhq.org/exceptions/no_such_element.html
Build info: version: &apos;2.32.0&apos;, revision: &apos;6c40c18&apos;, time: &apos;2013-04-09 17:22:56&apos;
System info: os.name: &apos;Windows 7&apos;, os.arch: &apos;amd64&apos;, os.version: &apos;6.1&apos;, java.version: &apos;1.7.0_05&apos;
Session ID: e821dbc5-9028-4789-909b-906119b4db94
Driver info: org.openqa.selenium.firefox.FirefoxDriver
Capabilities [{platform=XP, acceptSslCerts=true, javascriptEnabled=true, browserName=firefox, rotatable=false, locationContextEnabled=true, version=22.0, cssSelectorsEnabled=true, databaseEnabled=true, handlesAlerts=true, browserConnectionEnabled=true, nativeEvents=true, webStorageEnabled=true, applicationCacheEnabled=true, takesScreenshot=true}]
	at java.lang.reflect.Constructor.newInstance(Constructor.java:525)
	at org.openqa.selenium.remote.ErrorHandler.createThrowable(ErrorHandler.java:187)
	at org.openqa.selenium.remote.ErrorHandler.throwIfResponseFailed(ErrorHandler.java:145)
	at org.openqa.selenium.remote.RemoteWebDriver.execute(RemoteWebDriver.java:554)
	at org.openqa.selenium.remote.RemoteWebDriver.findElement(RemoteWebDriver.java:307)
	at org.openqa.selenium.remote.RemoteWebDriver.findElementByCssSelector(RemoteWebDriver.java:396)
	at org.openqa.selenium.By$ByCssSelector.findElement(By.java:407)
	at org.openqa.selenium.remote.RemoteWebDriver.findElement(RemoteWebDriver.java:299)
	at comcast.test.app.testCases.videoManagement.videoFeedBackManagement.VerifyFeedbackSubmitedSuccessfully.testVerifyFeedbackSubmitedSuccessfully(VerifyFeedbackSubmitedSuccessfully.java:39)
Caused by: org.openqa.selenium.remote.ErrorHandler$UnknownServerException: Unable to locate element: {&quot;method&quot;:&quot;css selector&quot;,&quot;selector&quot;:&quot;img[alt=\&quot;Ocean Life\&quot;]&quot;}
Build info: version: &apos;2.32.0&apos;, revision: &apos;6c40c18&apos;, time: &apos;2013-04-09 17:22:56&apos;
System info: os.name: &apos;Windows 7&apos;, os.arch: &apos;amd64&apos;, os.version: &apos;6.1&apos;, java.version: &apos;1.7.0_05&apos;
Driver info: driver.version: unknown
	at &lt;anonymous class&gt;.FirefoxDriver.prototype.findElementInternal_(file:///C:/Users/ANJUM~1.JAM/AppData/Local/Temp/anonymous6312697890393591741webdriver-profile/extensions/fxdriver@googlecode.com/components/driver_component.js:8405)
	at &lt;anonymous class&gt;.fxdriver.Timer.prototype.setTimeout/&lt;.notify(file:///C:/Users/ANJUM~1.JAM/AppData/Local/Temp/anonymous6312697890393591741webdriver-profile/extensions/fxdriver@googlecode.com/components/driver_component.js:386)
</error>
  </testcase>
  <testcase classname="comcast.test.app.testCases.videoManagement.videoFeedBackManagement.validateMandatoryFields.ValidateAllMandatoryFieldsOfGiveFeedbackToThePublisher" name="testfeedback" time="86.942">
    <failure type="junit.framework.AssertionFailedError">junit.framework.AssertionFailedError
	at comcast.test.app.testCases.videoManagement.videoFeedBackManagement.validateMandatoryFields.ValidateAllMandatoryFieldsOfGiveFeedbackToThePublisher.testfeedback(ValidateAllMandatoryFieldsOfGiveFeedbackToThePublisher.java:43)
</failure>
  </testcase>
  <testcase classname="comcast.test.app.testCases.videoManagement.videoFeedBackManagement.validateMandatoryFields.ValidateFeedbackMessageMandatoryField" name="testValidateFeedbackMessageMandatoryField" time="83.41">
    <failure type="junit.framework.AssertionFailedError">junit.framework.AssertionFailedError
	at comcast.test.app.testCases.videoManagement.videoFeedBackManagement.validateMandatoryFields.ValidateFeedbackMessageMandatoryField.testValidateFeedbackMessageMandatoryField(ValidateFeedbackMessageMandatoryField.java:43)
</failure>
  </testcase>
  <testcase classname="comcast.test.app.testCases.videoManagement.videoFeedBackManagement.validateMandatoryFields.ValidateFeedbackSubjectMandatoryField" name="testValidateFeedbackSubjectMandatoryField" time="83.08">
    <failure type="junit.framework.AssertionFailedError">junit.framework.AssertionFailedError
	at comcast.test.app.testCases.videoManagement.videoFeedBackManagement.validateMandatoryFields.ValidateFeedbackSubjectMandatoryField.testValidateFeedbackSubjectMandatoryField(ValidateFeedbackSubjectMandatoryField.java:43)
</failure>
  </testcase>
  <testcase classname="comcast.test.app.testCases.videoManagement.videoSearch.searchVideoByCategory.EnsureSearchChannelStoreIsWorkingFine" name="testEnsureSearchChannelStoreIsWorkingFine" time="90.101" />
  <testcase classname="comcast.test.app.testCases.videoManagement.videoSearch.searchVideoByCategory.VerifySelectedCategoryAndSubCategoryVideosAreDisplayed" name="testVerifySelectedCategoryAndSubCategoryVideosAreDisplayed" time="52.915">
    <error message="Unable to locate element: {&quot;method&quot;:&quot;link text&quot;,&quot;selector&quot;:&quot;XIDIO&quot;}
Command duration or timeout: 30.17 seconds
For documentation on this error, please visit: http://seleniumhq.org/exceptions/no_such_element.html
Build info: version: &apos;2.32.0&apos;, revision: &apos;6c40c18&apos;, time: &apos;2013-04-09 17:22:56&apos;
System info: os.name: &apos;Windows 7&apos;, os.arch: &apos;amd64&apos;, os.version: &apos;6.1&apos;, java.version: &apos;1.7.0_05&apos;
Session ID: fe7c39b6-409a-4053-a1fa-57a50ce3d428
Driver info: org.openqa.selenium.firefox.FirefoxDriver
Capabilities [{platform=XP, acceptSslCerts=true, javascriptEnabled=true, browserName=firefox, rotatable=false, locationContextEnabled=true, version=22.0, cssSelectorsEnabled=true, databaseEnabled=true, handlesAlerts=true, browserConnectionEnabled=true, nativeEvents=true, webStorageEnabled=true, applicationCacheEnabled=true, takesScreenshot=true}]" type="org.openqa.selenium.NoSuchElementException">org.openqa.selenium.NoSuchElementException: Unable to locate element: {&quot;method&quot;:&quot;link text&quot;,&quot;selector&quot;:&quot;XIDIO&quot;}
Command duration or timeout: 30.17 seconds
For documentation on this error, please visit: http://seleniumhq.org/exceptions/no_such_element.html
Build info: version: &apos;2.32.0&apos;, revision: &apos;6c40c18&apos;, time: &apos;2013-04-09 17:22:56&apos;
System info: os.name: &apos;Windows 7&apos;, os.arch: &apos;amd64&apos;, os.version: &apos;6.1&apos;, java.version: &apos;1.7.0_05&apos;
Session ID: fe7c39b6-409a-4053-a1fa-57a50ce3d428
Driver info: org.openqa.selenium.firefox.FirefoxDriver
Capabilities [{platform=XP, acceptSslCerts=true, javascriptEnabled=true, browserName=firefox, rotatable=false, locationContextEnabled=true, version=22.0, cssSelectorsEnabled=true, databaseEnabled=true, handlesAlerts=true, browserConnectionEnabled=true, nativeEvents=true, webStorageEnabled=true, applicationCacheEnabled=true, takesScreenshot=true}]
	at java.lang.reflect.Constructor.newInstance(Constructor.java:525)
	at org.openqa.selenium.remote.ErrorHandler.createThrowable(ErrorHandler.java:187)
	at org.openqa.selenium.remote.ErrorHandler.throwIfResponseFailed(ErrorHandler.java:145)
	at org.openqa.selenium.remote.RemoteWebDriver.execute(RemoteWebDriver.java:554)
	at org.openqa.selenium.remote.RemoteWebDriver.findElement(RemoteWebDriver.java:307)
	at org.openqa.selenium.remote.RemoteWebDriver.findElementByLinkText(RemoteWebDriver.java:356)
	at org.openqa.selenium.By$ByLinkText.findElement(By.java:241)
	at org.openqa.selenium.remote.RemoteWebDriver.findElement(RemoteWebDriver.java:299)
	at comcast.test.app.testCases.videoManagement.videoSearch.searchVideoByCategory.VerifySelectedCategoryAndSubCategoryVideosAreDisplayed.testVerifySelectedCategoryAndSubCategoryVideosAreDisplayed(VerifySelectedCategoryAndSubCategoryVideosAreDisplayed.java:29)
Caused by: org.openqa.selenium.remote.ErrorHandler$UnknownServerException: Unable to locate element: {&quot;method&quot;:&quot;link text&quot;,&quot;selector&quot;:&quot;XIDIO&quot;}
Build info: version: &apos;2.32.0&apos;, revision: &apos;6c40c18&apos;, time: &apos;2013-04-09 17:22:56&apos;
System info: os.name: &apos;Windows 7&apos;, os.arch: &apos;amd64&apos;, os.version: &apos;6.1&apos;, java.version: &apos;1.7.0_05&apos;
Driver info: driver.version: unknown
	at &lt;anonymous class&gt;.FirefoxDriver.prototype.findElementInternal_(file:///C:/Users/ANJUM~1.JAM/AppData/Local/Temp/anonymous7516929172771681212webdriver-profile/extensions/fxdriver@googlecode.com/components/driver_component.js:8405)
	at &lt;anonymous class&gt;.fxdriver.Timer.prototype.setTimeout/&lt;.notify(file:///C:/Users/ANJUM~1.JAM/AppData/Local/Temp/anonymous7516929172771681212webdriver-profile/extensions/fxdriver@googlecode.com/components/driver_component.js:386)
</error>
  </testcase>
  <testcase classname="comcast.test.app.testCases.videoManagement.videoSubscriptionManagement.paidSubscriptionForVideo.VerifySubcriptionOfPaidVideo" name="testVerifySubcriptionOfPaidVideo" time="125.264">
    <error message="Unable to locate element: {&quot;method&quot;:&quot;xpath&quot;,&quot;selector&quot;:&quot;html/body/div[1]/div[3]/div/h2&quot;}
Command duration or timeout: 30.06 seconds
For documentation on this error, please visit: http://seleniumhq.org/exceptions/no_such_element.html
Build info: version: &apos;2.32.0&apos;, revision: &apos;6c40c18&apos;, time: &apos;2013-04-09 17:22:56&apos;
System info: os.name: &apos;Windows 7&apos;, os.arch: &apos;amd64&apos;, os.version: &apos;6.1&apos;, java.version: &apos;1.7.0_05&apos;
Session ID: 623c6400-dafd-4c76-8ffa-31309d674e2b
Driver info: org.openqa.selenium.firefox.FirefoxDriver
Capabilities [{platform=XP, acceptSslCerts=true, javascriptEnabled=true, browserName=firefox, rotatable=false, locationContextEnabled=true, version=22.0, cssSelectorsEnabled=true, databaseEnabled=true, handlesAlerts=true, browserConnectionEnabled=true, nativeEvents=true, webStorageEnabled=true, applicationCacheEnabled=true, takesScreenshot=true}]" type="org.openqa.selenium.NoSuchElementException">org.openqa.selenium.NoSuchElementException: Unable to locate element: {&quot;method&quot;:&quot;xpath&quot;,&quot;selector&quot;:&quot;html/body/div[1]/div[3]/div/h2&quot;}
Command duration or timeout: 30.06 seconds
For documentation on this error, please visit: http://seleniumhq.org/exceptions/no_such_element.html
Build info: version: &apos;2.32.0&apos;, revision: &apos;6c40c18&apos;, time: &apos;2013-04-09 17:22:56&apos;
System info: os.name: &apos;Windows 7&apos;, os.arch: &apos;amd64&apos;, os.version: &apos;6.1&apos;, java.version: &apos;1.7.0_05&apos;
Session ID: 623c6400-dafd-4c76-8ffa-31309d674e2b
Driver info: org.openqa.selenium.firefox.FirefoxDriver
Capabilities [{platform=XP, acceptSslCerts=true, javascriptEnabled=true, browserName=firefox, rotatable=false, locationContextEnabled=true, version=22.0, cssSelectorsEnabled=true, databaseEnabled=true, handlesAlerts=true, browserConnectionEnabled=true, nativeEvents=true, webStorageEnabled=true, applicationCacheEnabled=true, takesScreenshot=true}]
	at java.lang.reflect.Constructor.newInstance(Constructor.java:525)
	at org.openqa.selenium.remote.ErrorHandler.createThrowable(ErrorHandler.java:187)
	at org.openqa.selenium.remote.ErrorHandler.throwIfResponseFailed(ErrorHandler.java:145)
	at org.openqa.selenium.remote.RemoteWebDriver.execute(RemoteWebDriver.java:554)
	at org.openqa.selenium.remote.RemoteWebDriver.findElement(RemoteWebDriver.java:307)
	at org.openqa.selenium.remote.RemoteWebDriver.findElementByXPath(RemoteWebDriver.java:404)
	at org.openqa.selenium.By$ByXPath.findElement(By.java:344)
	at org.openqa.selenium.remote.RemoteWebDriver.findElement(RemoteWebDriver.java:299)
	at comcast.test.app.testCases.videoManagement.videoSubscriptionManagement.paidSubscriptionForVideo.VerifySubcriptionOfPaidVideo.testVerifySubcriptionOfPaidVideo(VerifySubcriptionOfPaidVideo.java:48)
Caused by: org.openqa.selenium.remote.ErrorHandler$UnknownServerException: Unable to locate element: {&quot;method&quot;:&quot;xpath&quot;,&quot;selector&quot;:&quot;html/body/div[1]/div[3]/div/h2&quot;}
Build info: version: &apos;2.32.0&apos;, revision: &apos;6c40c18&apos;, time: &apos;2013-04-09 17:22:56&apos;
System info: os.name: &apos;Windows 7&apos;, os.arch: &apos;amd64&apos;, os.version: &apos;6.1&apos;, java.version: &apos;1.7.0_05&apos;
Driver info: driver.version: unknown
	at &lt;anonymous class&gt;.FirefoxDriver.prototype.findElementInternal_(file:///C:/Users/ANJUM~1.JAM/AppData/Local/Temp/anonymous5436985479845001637webdriver-profile/extensions/fxdriver@googlecode.com/components/driver_component.js:8405)
	at &lt;anonymous class&gt;.fxdriver.Timer.prototype.setTimeout/&lt;.notify(file:///C:/Users/ANJUM~1.JAM/AppData/Local/Temp/anonymous5436985479845001637webdriver-profile/extensions/fxdriver@googlecode.com/components/driver_component.js:386)
</error>
  </testcase>
  <system-out><![CDATA[ : Xidio090713083316@test.com : 9999973497
Email ID : Xidio090713083316@test.com
 : Xidio090713083438@test.com : 9980999249
Email ID : Xidio090713083438@test.com
 : Xidio090713083542@test.com : 9991379372
Email ID : Xidio090713083542@test.com
 : Xidio090713083702@test.com : 9981172773
Email ID : Xidio090713083702@test.com
 : Xidio090713083759@test.com : 9984880834
Email ID : Xidio090713083759@test.com
 : Xidio090713084554@test.com : 9996958054
Email ID : Xidio090713084554@test.com
 : Xidio090713084656@test.com : 9980716261
Email ID : Xidio090713084656@test.com
 : Xidio090713084742@test.com : 9982029273
Email ID : Xidio090713084742@test.com
 : Xidio090713084839@test.com : 9981741350
Email ID : Xidio090713084839@test.com
 : Xidio090713084926@test.com : 9992725343
Email ID : Xidio090713084926@test.com
 : Xidio090713085022@test.com : 9996049049
Email ID : Xidio090713085022@test.com
 : Xidio090713085107@test.com : 9989998984
 : Xidio090713085139@test.com : 9997421396
Email ID : Xidio090713085139@test.com
 : Xidio090713085221@test.com : 9984466579
Email ID : Xidio090713085221@test.com
 : Xidio090713085534@test.com : 9981548534
Email ID : Xidio090713085534@test.com
 : Xidio090713085653@test.com : 9981727387
Email ID : Xidio090713085653@test.com
 : Xidio090713085824@test.com : 9982061724
Email ID : Xidio090713085824@test.com
 : Xidio090713085942@test.com : 9980582740
Email ID : Xidio090713085942@test.com
 : Xidio090713090101@test.com : 9994628218
Email ID : Xidio090713090101@test.com
 : Xidio090713090219@test.com : 9991583441
Email ID : Xidio090713090219@test.com
 : Xidio090713090342@test.com : 9987853761
Email ID : Xidio090713090342@test.com
 : Xidio090713090437@test.com : Xidio090713090437@test.com : Xidio090713090437@test.comtest userxidio090713090342@test.com
test userXidio180613111058@test.com
 : Xidio090713090527@test.com : 9986064497
Email ID : Xidio090713090527@test.com
 : Xidio090713090652@test.com : 9994298963
Email ID : Xidio090713090652@test.com
 : Xidio090713090814@test.com : 9999919083
Email ID : Xidio090713090814@test.com
 : Xidio090713090937@test.com : 9989001658
Email ID : Xidio090713090937@test.com
 : Xidio090713091104@test.com : 9984004521
Email ID : Xidio090713091104@test.com
 : Xidio090713091223@test.com : 9983947109
Email ID : Xidio090713091223@test.com
 : Xidio090713091340@test.com : 9984171077
Email ID : Xidio090713091340@test.com
 : Xidio090713091459@test.com : 9990138932
Email ID : Xidio090713091459@test.com
 : Xidio090713091619@test.com : 9993712313
Email ID : Xidio090713091619@test.com
 : Xidio090713091743@test.com : 9996295360
Email ID : Xidio090713091743@test.com
 : Xidio090713091902@test.com : 9981101758
Email ID : Xidio090713091902@test.com
 : Xidio090713092025@test.com : 9980259974
Email ID : Xidio090713092025@test.com
 : Xidio090713092145@test.com : 9987056217
Email ID : Xidio090713092145@test.com
 : Xidio090713092303@test.com : 9983335453
Email ID : Xidio090713092303@test.com
 : Xidio090713092433@test.com : 9980905039
Email ID : Xidio090713092433@test.com
 : Xidio090713092555@test.com : 9983624380
Email ID : Xidio090713092555@test.com
 : Xidio090713092720@test.com : 9986088565
Email ID : Xidio090713092720@test.com
 : Xidio090713092847@test.com : 9999721390
Email ID : Xidio090713092847@test.com
 : Xidio090713093021@test.com : 9984055547
Email ID : Xidio090713093021@test.com
 : Xidio090713093157@test.com : 9993653600
Email ID : Xidio090713093157@test.com
 : Xidio090713093338@test.com : 9988951481
Email ID : Xidio090713093338@test.com
 : Xidio090713093610@test.com : 9982390556
Email ID : Xidio090713093610@test.com
 : Xidio090713093800@test.com : 9998108719
Email ID : Xidio090713093800@test.com
 : Xidio090713093938@test.com : 9994462129
Email ID : Xidio090713093938@test.com
 : Xidio090713094107@test.com : 9999331632
Email ID : Xidio090713094107@test.com
 : Xidio090713094232@test.com : 9980738187
Email ID : Xidio090713094232@test.com
 : Xidio090713094403@test.com : 9991511279
Email ID : Xidio090713094403@test.com
 : Xidio090713094532@test.com : 9988189054
Email ID : Xidio090713094532@test.com
 : Xidio090713094704@test.com : 9992168101
Email ID : Xidio090713094704@test.com
 : Xidio090713094839@test.com : 9999115220
Email ID : Xidio090713094839@test.com
 : Xidio090713095011@test.com : 9996683103
Email ID : Xidio090713095011@test.com
 : Xidio090713095142@test.com : 9982755467
Email ID : Xidio090713095142@test.com
 : Xidio090713095307@test.com : 9986315865
Email ID : Xidio090713095307@test.com
 : Xidio090713095437@test.com : 9982545635
Email ID : Xidio090713095437@test.com
 : Xidio090713095610@test.com : 9999839127
Email ID : Xidio090713095610@test.com
 : Xidio090713095803@test.com : 9994377907
Email ID : Xidio090713095803@test.com
 : Xidio090713095930@test.com : 9988205183
Email ID : Xidio090713095930@test.com
 : Xidio090713100053@test.com : 9990373623
Email ID : Xidio090713100053@test.com
 : Xidio090713100217@test.com : 9996677171
Email ID : Xidio090713100217@test.com
 : Xidio090713100440@test.com : 9980682630
Email ID : Xidio090713100440@test.com
]]></system-out>
  <system-err><![CDATA[]]></system-err>
</testsuite>
